<?xml version="1.0" encoding="UTF-8"?>
<testsuite name="IntervalTest" tests="5" skipped="0" failures="0" errors="0" timestamp="2022-03-23T21:27:00" hostname="DESKTOP-02MLGRN" time="0.045">
  <properties/>
  <testcase name="shouldAddDisjoinedIntervals()" classname="IntervalTest" time="0.034"/>
  <testcase name="shouldAddOverlappingIntervals()" classname="IntervalTest" time="0.001"/>
  <testcase name="shouldHandleNullOrEmptyIntervals()" classname="IntervalTest" time="0.001"/>
  <testcase name="shouldHandleMixedIntervals()" classname="IntervalTest" time="0.005"/>
  <testcase name="shouldAddAdjacentIntervals()" classname="IntervalTest" time="0.001"/>
  <system-out><![CDATA[]]></system-out>
  <system-err><![CDATA[]]></system-err>
</testsuite>
