<?xml version="1.0" encoding="UTF-8"?>
<testsuite name="BraceCheckerTests" tests="2" skipped="0" failures="0" errors="0" timestamp="2022-03-22T22:51:45" hostname="DESKTOP-02MLGRN" time="0.027">
  <properties/>
  <testcase name="testValid()" classname="BraceCheckerTests" time="0.024"/>
  <testcase name="testInvalid()" classname="BraceCheckerTests" time="0.002"/>
  <system-out><![CDATA[]]></system-out>
  <system-err><![CDATA[]]></system-err>
</testsuite>
