<?xml version="1.0" encoding="UTF-8"?>
<testsuite name="JustifyStringTests" tests="2" skipped="0" failures="0" errors="0" timestamp="2022-05-13T20:53:37" hostname="DESKTOP-02MLGRN" time="0.074">
  <properties/>
  <testcase name="sampleTests()" classname="JustifyStringTests" time="0.037"/>
  <testcase name="descriptionExample()" classname="JustifyStringTests" time="0.036"/>
  <system-out><![CDATA[]]></system-out>
  <system-err><![CDATA[]]></system-err>
</testsuite>
