<?xml version="1.0" encoding="UTF-8"?>
<testsuite name="ZigzagConversionTest" tests="3" skipped="0" failures="0" errors="0" timestamp="2022-06-01T20:26:29" hostname="DESKTOP-02MLGRN" time="0.036">
  <properties/>
  <testcase name="test1()" classname="ZigzagConversionTest" time="0.031"/>
  <testcase name="test2()" classname="ZigzagConversionTest" time="0.001"/>
  <testcase name="test3()" classname="ZigzagConversionTest" time="0.001"/>
  <system-out><![CDATA[]]></system-out>
  <system-err><![CDATA[]]></system-err>
</testsuite>
