<?xml version="1.0" encoding="UTF-8"?>
<testsuite name="RomanNumeralsTest" tests="2" skipped="0" failures="0" errors="0" timestamp="2022-04-04T22:01:02" hostname="DESKTOP-02MLGRN" time="0.033">
  <properties/>
  <testcase name="testToRoman()" classname="RomanNumeralsTest" time="0.028"/>
  <testcase name="testFromRoman()" classname="RomanNumeralsTest" time="0.003"/>
  <system-out><![CDATA[]]></system-out>
  <system-err><![CDATA[]]></system-err>
</testsuite>
