<?xml version="1.0" encoding="UTF-8"?>
<testsuite name="ObservedPinTest" tests="1" skipped="0" failures="0" errors="0" timestamp="2022-04-26T08:20:09" hostname="DESKTOP-02MLGRN" time="0.048">
  <properties/>
  <testcase name="testPins()" classname="ObservedPinTest" time="0.048"/>
  <system-out><![CDATA[]]></system-out>
  <system-err><![CDATA[]]></system-err>
</testsuite>
