<?xml version="1.0" encoding="UTF-8"?>
<testsuite name="LongestPalindromeTest" tests="4" skipped="0" failures="0" errors="0" timestamp="2022-05-31T20:52:31" hostname="DESKTOP-02MLGRN" time="0.042">
  <properties/>
  <testcase name="test1()" classname="LongestPalindromeTest" time="0.032"/>
  <testcase name="test2()" classname="LongestPalindromeTest" time="0.002"/>
  <testcase name="test3()" classname="LongestPalindromeTest" time="0.002"/>
  <testcase name="test4()" classname="LongestPalindromeTest" time="0.001"/>
  <system-out><![CDATA[]]></system-out>
  <system-err><![CDATA[]]></system-err>
</testsuite>
