<?xml version="1.0" encoding="UTF-8"?>
<testsuite name="PaginationHelperTests" tests="1" skipped="0" failures="0" errors="0" timestamp="2022-03-29T03:33:39" hostname="DESKTOP-02MLGRN" time="0.044">
  <properties/>
  <testcase name="testPagination()" classname="PaginationHelperTests" time="0.044"/>
  <system-out><![CDATA[]]></system-out>
  <system-err><![CDATA[]]></system-err>
</testsuite>
